<?xml version="1.0" encoding="UTF-8"?>
<!-- Generated by org.testng.reporters.JUnitReportReporter -->
<testsuite skipped="0" hostname="DESKTOP-NAVEEN" name="co.ems.extraConcepts.Serialization" tests="1" failures="0" timestamp="03 Sep 2022 03:45:30 GMT" time="2.398" errors="0">
  <testcase name="Serial" time="2.398" classname="co.ems.extraConcepts.Serialization"/>
</testsuite> <!-- co.ems.extraConcepts.Serialization -->
