<?xml version="1.0" encoding="UTF-8"?>
<!-- Generated by org.testng.reporters.JUnitReportReporter -->
<testsuite skipped="0" hostname="DESKTOP-NAVEEN" name="com.ems.bdd_style.GetAllEmployees" tests="1" failures="0" timestamp="03 Sep 2022 12:56:23 GMT" time="6.239" errors="0">
  <testcase name="getAllEmployees" time="6.239" classname="com.ems.bdd_style.GetAllEmployees"/>
</testsuite> <!-- com.ems.bdd_style.GetAllEmployees -->
