<?xml version="1.0" encoding="UTF-8"?>
<!-- Generated by org.testng.reporters.JUnitReportReporter -->
<testsuite skipped="2" hostname="DESKTOP-NAVEEN" name="org.com.All" tests="3" failures="0" timestamp="01 Sep 2022 06:20:44 GMT" time="1.248" errors="0">
  <testcase name="Employee1" time="1.248" classname="org.com.All"/>
  <testcase name="Employee2" classname="org.com.All">
    <skipped/>
  </testcase> <!-- Employee2 -->
  <testcase name="Employee" classname="org.com.All">
    <skipped/>
  </testcase> <!-- Employee -->
</testsuite> <!-- org.com.All -->
